<?xml version="1.0" encoding="UTF-8"?>
<testng-results skipped="0" failed="0" total="3" passed="3">
  <reporter-output>
  </reporter-output>
  <suite name="Default suite" duration-ms="42608" started-at="2020-05-24T12:51:22Z" finished-at="2020-05-24T12:52:05Z">
    <groups>
    </groups>
    <test name="Default test" duration-ms="42608" started-at="2020-05-24T12:51:22Z" finished-at="2020-05-24T12:52:05Z">
      <class name="com.training.sanity.tests.ELTC_045_SendChatMessage">
        <test-method status="PASS" signature="setUpBeforeClass()[pri:0, instance:com.training.sanity.tests.ELTC_045_SendChatMessage@16905e]" name="setUpBeforeClass" is-config="true" duration-ms="19" started-at="2020-05-24T18:21:22Z" finished-at="2020-05-24T18:21:23Z">
          <reporter-output>
          </reporter-output>
        </test-method> <!-- setUpBeforeClass -->
        <test-method status="PASS" signature="setUp()[pri:0, instance:com.training.sanity.tests.ELTC_045_SendChatMessage@16905e]" name="setUp" duration-ms="16947" started-at="2020-05-24T18:21:23Z" finished-at="2020-05-24T18:21:39Z">
          <reporter-output>
          </reporter-output>
        </test-method> <!-- setUp -->
        <test-method status="PASS" signature="validLoginTest()[pri:0, instance:com.training.sanity.tests.ELTC_045_SendChatMessage@16905e]" name="validLoginTest" duration-ms="5906" started-at="2020-05-24T18:21:39Z" finished-at="2020-05-24T18:21:45Z">
          <reporter-output>
          </reporter-output>
        </test-method> <!-- validLoginTest -->
        <test-method status="PASS" signature="sendChatMessageTest()[pri:0, instance:com.training.sanity.tests.ELTC_045_SendChatMessage@16905e]" name="sendChatMessageTest" duration-ms="17878" started-at="2020-05-24T18:21:45Z" finished-at="2020-05-24T18:22:03Z">
          <reporter-output>
          </reporter-output>
        </test-method> <!-- sendChatMessageTest -->
        <test-method status="PASS" signature="tearDown()[pri:0, instance:com.training.sanity.tests.ELTC_045_SendChatMessage@16905e]" name="tearDown" is-config="true" duration-ms="1836" started-at="2020-05-24T18:22:03Z" finished-at="2020-05-24T18:22:05Z">
          <reporter-output>
          </reporter-output>
        </test-method> <!-- tearDown -->
      </class> <!-- com.training.sanity.tests.ELTC_045_SendChatMessage -->
    </test> <!-- Default test -->
  </suite> <!-- Default suite -->
</testng-results>
