<?xml version="1.0" encoding="UTF-8"?>
<!-- Generated by org.testng.reporters.JUnitXMLReporter -->
<testsuite hostname="DESKTOP-HBL1RJ8" name="Default test" tests="4" failures="0" timestamp="24 May 2020 10:00:47 GMT" time="121.497" errors="0">
  <testcase name="testingexcelinput" time="28.896" classname="com.training.sanity.tests.ELTC_074_InvalidRegistration"/>
  <testcase name="testingexcelinput" time="28.708" classname="com.training.sanity.tests.ELTC_074_InvalidRegistration"/>
  <testcase name="testingexcelinput" time="28.42" classname="com.training.sanity.tests.ELTC_074_InvalidRegistration"/>
  <testcase name="testingexcelinput" time="27.411" classname="com.training.sanity.tests.ELTC_074_InvalidRegistration"/>
</testsuite> <!-- Default test -->
